<?xml version="1.0" encoding="UTF-8"?>
<!-- Generated by org.testng.reporters.JUnitReportReporter -->
<testsuite hostname="ATMECSINDT-080" failures="0" tests="2" name="com.atmecs.practo.testscripts.AddToCart" time="45.241" errors="0" timestamp="2019-09-11T19:59:32 IST" skipped="0">
  <testcase classname="com.atmecs.practo.testscripts.AddToCart" name="diagnostics" time="45.198"/>
  <testcase classname="com.atmecs.practo.testscripts.AddToCart" name="softAssertion" time="0.043"/>
</testsuite> <!-- com.atmecs.practo.testscripts.AddToCart -->
