<?xml version="1.0" encoding="UTF-8"?>
<!-- Generated by org.testng.reporters.JUnitReportReporter -->
<testsuite hostname="ATMECSINDT-080" failures="0" tests="4" name="com.atmecs.practo.testscripts.RemoveFromCart" time="45.639" errors="0" timestamp="2019-09-11T19:59:32 IST" skipped="0">
  <testcase classname="com.atmecs.practo.testscripts.RemoveFromCart" name="diagnostics" time="42.440"/>
  <testcase classname="com.atmecs.practo.testscripts.RemoveFromCart" name="softAssertion" time="0.042"/>
  <testcase classname="com.atmecs.practo.testscripts.RemoveFromCart" name="yourcart" time="3.112"/>
  <testcase classname="com.atmecs.practo.testscripts.RemoveFromCart" name="hardAssertion" time="0.045"/>
</testsuite> <!-- com.atmecs.practo.testscripts.RemoveFromCart -->
