<?xml version="1.0" encoding="UTF-8"?>
<!-- Generated by org.testng.reporters.JUnitReportReporter -->
<testsuite hostname="ATMECSINDT-080" failures="0" tests="4" name="com.atmecs.practo.testscripts.RemoveFromCart" time="43.225" errors="0" timestamp="11 Sep 2019 14:14:19 GMT" skipped="0">
  <testcase classname="com.atmecs.practo.testscripts.RemoveFromCart" name="diagnostics" time="39.995"/>
  <testcase classname="com.atmecs.practo.testscripts.RemoveFromCart" name="softAssertion" time="0.065"/>
  <testcase classname="com.atmecs.practo.testscripts.RemoveFromCart" name="yourcart" time="3.110"/>
  <testcase classname="com.atmecs.practo.testscripts.RemoveFromCart" name="hardAssertion" time="0.055"/>
</testsuite> <!-- com.atmecs.practo.testscripts.RemoveFromCart -->
