<?xml version="1.0" encoding="UTF-8"?>
<!-- Generated by org.testng.reporters.JUnitReportReporter -->
<testsuite hostname="ATMECSINDT-080" failures="0" tests="2" name="com.atmecs.practo.testscripts.AddToCart" time="40.321" errors="0" timestamp="11 Sep 2019 12:14:00 GMT" skipped="0">
  <testcase classname="com.atmecs.practo.testscripts.AddToCart" name="diagnostics" time="40.314"/>
  <testcase classname="com.atmecs.practo.testscripts.AddToCart" name="hardAssertion" time="0.007"/>
</testsuite> <!-- com.atmecs.practo.testscripts.AddToCart -->
